{"/Users/bryan/Projects/web/npm/svelte-render/vitest.setup.ts": {"path":"/Users/bryan/Projects/web/npm/svelte-render/vitest.setup.ts","all":false,"statementMap":{"0":{"start":{"line":1,"column":0},"end":{"line":1,"column":35}}},"s":{"0":1},"branchMap":{},"b":{},"fnMap":{},"f":{}}
,"/Users/bryan/Projects/web/npm/svelte-render/src/lib/Render.svelte": {"path":"/Users/bryan/Projects/web/npm/svelte-render/src/lib/Render.svelte","all":false,"statementMap":{"0":{"start":{"line":1,"column":0},"end":{"line":1,"column":18}},"1":{"start":{"line":2,"column":0},"end":{"line":2,"column":69}},"2":{"start":{"line":3,"column":0},"end":{"line":3,"column":47}},"3":{"start":{"line":4,"column":0},"end":{"line":4,"column":44}},"4":{"start":{"line":5,"column":0},"end":{"line":5,"column":45}},"5":{"start":{"line":6,"column":0},"end":{"line":6,"column":0}},"6":{"start":{"line":7,"column":0},"end":{"line":7,"column":33}},"7":{"start":{"line":8,"column":0},"end":{"line":8,"column":46}},"8":{"start":{"line":9,"column":0},"end":{"line":9,"column":0}},"9":{"start":{"line":10,"column":0},"end":{"line":10,"column":46}},"10":{"start":{"line":11,"column":0},"end":{"line":11,"column":23}},"11":{"start":{"line":12,"column":0},"end":{"line":12,"column":0}},"12":{"start":{"line":13,"column":0},"end":{"line":13,"column":64}},"13":{"start":{"line":14,"column":0},"end":{"line":14,"column":59}},"14":{"start":{"line":15,"column":0},"end":{"line":15,"column":9}},"15":{"start":{"line":16,"column":0},"end":{"line":16,"column":0}},"16":{"start":{"line":17,"column":0},"end":{"line":17,"column":24}},"17":{"start":{"line":18,"column":0},"end":{"line":18,"column":65}},"18":{"start":{"line":19,"column":0},"end":{"line":19,"column":18}},"19":{"start":{"line":20,"column":0},"end":{"line":20,"column":67}},"20":{"start":{"line":21,"column":0},"end":{"line":21,"column":9}},"21":{"start":{"line":22,"column":0},"end":{"line":22,"column":35}},"22":{"start":{"line":23,"column":0},"end":{"line":23,"column":43}},"23":{"start":{"line":24,"column":0},"end":{"line":24,"column":63}},"24":{"start":{"line":25,"column":0},"end":{"line":25,"column":13}},"25":{"start":{"line":26,"column":0},"end":{"line":26,"column":7}},"26":{"start":{"line":27,"column":0},"end":{"line":27,"column":81}},"27":{"start":{"line":28,"column":0},"end":{"line":28,"column":5}}},"s":{"0":1,"1":1,"2":1,"3":1,"4":1,"5":1,"6":1,"7":1,"8":1,"9":1,"10":1,"11":1,"12":1,"13":1,"14":1,"15":1,"16":1,"17":1,"18":1,"19":1,"20":2,"21":1,"22":1,"23":1,"24":1,"25":1,"26":1,"27":1},"branchMap":{"0":{"type":"branch","line":27,"loc":{"start":{"line":27,"column":71},"end":{"line":27,"column":81}},"locations":[{"start":{"line":27,"column":71},"end":{"line":27,"column":81}}]},"1":{"type":"branch","line":24,"loc":{"start":{"line":24,"column":53},"end":{"line":24,"column":63}},"locations":[{"start":{"line":24,"column":53},"end":{"line":24,"column":63}}]},"2":{"type":"branch","line":24,"loc":{"start":{"line":24,"column":53},"end":{"line":24,"column":63}},"locations":[{"start":{"line":24,"column":53},"end":{"line":24,"column":63}}]},"3":{"type":"branch","line":20,"loc":{"start":{"line":20,"column":17},"end":{"line":20,"column":47}},"locations":[{"start":{"line":20,"column":17},"end":{"line":20,"column":47}}]},"4":{"type":"branch","line":20,"loc":{"start":{"line":20,"column":36},"end":{"line":20,"column":67}},"locations":[{"start":{"line":20,"column":36},"end":{"line":20,"column":67}}]},"5":{"type":"branch","line":20,"loc":{"start":{"line":20,"column":66},"end":{"line":22,"column":20}},"locations":[{"start":{"line":20,"column":66},"end":{"line":22,"column":20}}]},"6":{"type":"branch","line":13,"loc":{"start":{"line":13,"column":41},"end":{"line":13,"column":54}},"locations":[{"start":{"line":13,"column":41},"end":{"line":13,"column":54}}]},"7":{"type":"branch","line":13,"loc":{"start":{"line":13,"column":51},"end":{"line":13,"column":64}},"locations":[{"start":{"line":13,"column":51},"end":{"line":13,"column":64}}]}},"b":{"0":[1],"1":[0],"2":[0],"3":[5],"4":[4],"5":[2],"6":[2],"7":[5]},"fnMap":{},"f":{}}
,"/Users/bryan/Projects/web/npm/svelte-render/src/lib/index.ts": {"path":"/Users/bryan/Projects/web/npm/svelte-render/src/lib/index.ts","all":false,"statementMap":{"0":{"start":{"line":1,"column":0},"end":{"line":1,"column":50}},"1":{"start":{"line":2,"column":0},"end":{"line":2,"column":38}},"2":{"start":{"line":3,"column":0},"end":{"line":3,"column":24}}},"s":{"0":1,"1":1,"2":1},"branchMap":{"0":{"type":"branch","line":1,"loc":{"start":{"line":1,"column":32},"end":{"line":1,"column":50}},"locations":[{"start":{"line":1,"column":32},"end":{"line":1,"column":50}}]},"1":{"type":"branch","line":2,"loc":{"start":{"line":2,"column":27},"end":{"line":2,"column":38}},"locations":[{"start":{"line":2,"column":27},"end":{"line":2,"column":38}}]}},"b":{"0":[7],"1":[3]},"fnMap":{"0":{"name":"get","decl":{"start":{"line":1,"column":32},"end":{"line":1,"column":50}},"loc":{"start":{"line":1,"column":32},"end":{"line":1,"column":50}},"line":1},"1":{"name":"get","decl":{"start":{"line":2,"column":27},"end":{"line":2,"column":38}},"loc":{"start":{"line":2,"column":27},"end":{"line":2,"column":38}},"line":2}},"f":{"0":7,"1":3}}
,"/Users/bryan/Projects/web/npm/svelte-render/src/lib/render.ts": {"path":"/Users/bryan/Projects/web/npm/svelte-render/src/lib/render.ts","all":false,"statementMap":{"0":{"start":{"line":1,"column":0},"end":{"line":1,"column":44}},"1":{"start":{"line":2,"column":0},"end":{"line":2,"column":43}},"2":{"start":{"line":3,"column":0},"end":{"line":3,"column":89}},"3":{"start":{"line":4,"column":0},"end":{"line":4,"column":0}},"4":{"start":{"line":5,"column":0},"end":{"line":5,"column":92}},"5":{"start":{"line":6,"column":0},"end":{"line":6,"column":57}},"6":{"start":{"line":7,"column":0},"end":{"line":7,"column":45}},"7":{"start":{"line":8,"column":0},"end":{"line":8,"column":88}},"8":{"start":{"line":9,"column":0},"end":{"line":9,"column":57}},"9":{"start":{"line":10,"column":0},"end":{"line":10,"column":34}},"10":{"start":{"line":11,"column":0},"end":{"line":11,"column":45}},"11":{"start":{"line":12,"column":0},"end":{"line":12,"column":88}},"12":{"start":{"line":13,"column":0},"end":{"line":13,"column":57}},"13":{"start":{"line":14,"column":0},"end":{"line":14,"column":35}},"14":{"start":{"line":15,"column":0},"end":{"line":15,"column":3}},"15":{"start":{"line":16,"column":0},"end":{"line":16,"column":9}},"16":{"start":{"line":17,"column":0},"end":{"line":17,"column":12}},"17":{"start":{"line":18,"column":0},"end":{"line":18,"column":8}},"18":{"start":{"line":19,"column":0},"end":{"line":19,"column":3}},"19":{"start":{"line":20,"column":0},"end":{"line":20,"column":1}}},"s":{"0":1,"1":1,"2":1,"3":1,"4":1,"5":1,"6":1,"7":1,"8":1,"9":1,"10":1,"11":1,"12":1,"13":1,"14":1,"15":3,"16":3,"17":3,"18":3,"19":3},"branchMap":{"0":{"type":"branch","line":15,"loc":{"start":{"line":15,"column":2},"end":{"line":20,"column":1}},"locations":[{"start":{"line":15,"column":2},"end":{"line":20,"column":1}}]},"1":{"type":"branch","line":20,"loc":{"start":{"line":20,"column":0},"end":{"line":20,"column":1}},"locations":[{"start":{"line":20,"column":0},"end":{"line":20,"column":1}}]}},"b":{"0":[3],"1":[3]},"fnMap":{"0":{"name":"createRender","decl":{"start":{"line":15,"column":2},"end":{"line":20,"column":1}},"loc":{"start":{"line":15,"column":2},"end":{"line":20,"column":1}},"line":15},"1":{"name":"get","decl":{"start":{"line":20,"column":0},"end":{"line":20,"column":1}},"loc":{"start":{"line":20,"column":0},"end":{"line":20,"column":1}},"line":20}},"f":{"0":3,"1":3}}
,"/Users/bryan/Projects/web/npm/svelte-render/src/lib/store.ts": {"path":"/Users/bryan/Projects/web/npm/svelte-render/src/lib/store.ts","all":false,"statementMap":{"0":{"start":{"line":1,"column":0},"end":{"line":1,"column":53}},"1":{"start":{"line":2,"column":0},"end":{"line":2,"column":0}},"2":{"start":{"line":3,"column":0},"end":{"line":3,"column":62}},"3":{"start":{"line":4,"column":0},"end":{"line":4,"column":68}},"4":{"start":{"line":5,"column":0},"end":{"line":5,"column":45}},"5":{"start":{"line":6,"column":0},"end":{"line":6,"column":2}},"6":{"start":{"line":7,"column":0},"end":{"line":7,"column":0}},"7":{"start":{"line":8,"column":0},"end":{"line":8,"column":45}}},"s":{"0":1,"1":1,"2":1,"3":1,"4":17,"5":17,"6":1,"7":1},"branchMap":{"0":{"type":"branch","line":4,"loc":{"start":{"line":4,"column":30},"end":{"line":6,"column":2}},"locations":[{"start":{"line":4,"column":30},"end":{"line":6,"column":2}}]},"1":{"type":"branch","line":5,"loc":{"start":{"line":5,"column":8},"end":{"line":5,"column":36}},"locations":[{"start":{"line":5,"column":8},"end":{"line":5,"column":36}}]},"2":{"type":"branch","line":6,"loc":{"start":{"line":6,"column":0},"end":{"line":6,"column":2}},"locations":[{"start":{"line":6,"column":0},"end":{"line":6,"column":2}}]},"3":{"type":"branch","line":8,"loc":{"start":{"line":8,"column":43},"end":{"line":8,"column":45}},"locations":[{"start":{"line":8,"column":43},"end":{"line":8,"column":45}}]}},"b":{"0":[17],"1":[16],"2":[17],"3":[5]},"fnMap":{"0":{"name":"isReadable","decl":{"start":{"line":4,"column":30},"end":{"line":6,"column":2}},"loc":{"start":{"line":4,"column":30},"end":{"line":6,"column":2}},"line":4},"1":{"name":"get","decl":{"start":{"line":6,"column":0},"end":{"line":6,"column":2}},"loc":{"start":{"line":6,"column":0},"end":{"line":6,"column":2}},"line":6},"2":{"name":"get","decl":{"start":{"line":8,"column":43},"end":{"line":8,"column":45}},"loc":{"start":{"line":8,"column":43},"end":{"line":8,"column":45}},"line":8}},"f":{"0":17,"1":17,"2":5}}
,"/Users/bryan/Projects/web/npm/svelte-render/src/lib/types.ts": {"path":"/Users/bryan/Projects/web/npm/svelte-render/src/lib/types.ts","all":false,"statementMap":{"0":{"start":{"line":1,"column":0},"end":{"line":1,"column":44}},"1":{"start":{"line":2,"column":0},"end":{"line":2,"column":43}},"2":{"start":{"line":3,"column":0},"end":{"line":3,"column":0}},"3":{"start":{"line":4,"column":0},"end":{"line":4,"column":47}},"4":{"start":{"line":5,"column":0},"end":{"line":5,"column":0}},"5":{"start":{"line":6,"column":0},"end":{"line":6,"column":37}},"6":{"start":{"line":7,"column":0},"end":{"line":7,"column":36}},"7":{"start":{"line":8,"column":0},"end":{"line":8,"column":54}},"8":{"start":{"line":9,"column":0},"end":{"line":9,"column":87}},"9":{"start":{"line":10,"column":0},"end":{"line":10,"column":0}},"10":{"start":{"line":11,"column":0},"end":{"line":11,"column":34}},"11":{"start":{"line":12,"column":0},"end":{"line":12,"column":36}},"12":{"start":{"line":13,"column":0},"end":{"line":13,"column":54}},"13":{"start":{"line":14,"column":0},"end":{"line":14,"column":5}},"14":{"start":{"line":15,"column":0},"end":{"line":15,"column":57}},"15":{"start":{"line":16,"column":0},"end":{"line":16,"column":35}},"16":{"start":{"line":17,"column":0},"end":{"line":17,"column":2}},"17":{"start":{"line":18,"column":0},"end":{"line":18,"column":0}},"18":{"start":{"line":19,"column":0},"end":{"line":19,"column":25}},"19":{"start":{"line":20,"column":0},"end":{"line":20,"column":36}},"20":{"start":{"line":21,"column":0},"end":{"line":21,"column":54}},"21":{"start":{"line":22,"column":0},"end":{"line":22,"column":92}}},"s":{"0":1,"1":1,"2":1,"3":1,"4":1,"5":1,"6":1,"7":1,"8":1,"9":1,"10":1,"11":1,"12":1,"13":1,"14":1,"15":1,"16":1,"17":1,"18":1,"19":1,"20":1,"21":1},"branchMap":{},"b":{},"fnMap":{},"f":{}}
,"/Users/bryan/Projects/web/npm/svelte-render/src/tests/multiple-rockets.svelte": {"path":"/Users/bryan/Projects/web/npm/svelte-render/src/tests/multiple-rockets.svelte","all":false,"statementMap":{"0":{"start":{"line":1,"column":0},"end":{"line":1,"column":18}},"1":{"start":{"line":2,"column":0},"end":{"line":2,"column":26}},"2":{"start":{"line":3,"column":0},"end":{"line":3,"column":9}},"3":{"start":{"line":4,"column":0},"end":{"line":4,"column":0}},"4":{"start":{"line":5,"column":0},"end":{"line":5,"column":28}},"5":{"start":{"line":6,"column":0},"end":{"line":6,"column":3}},"6":{"start":{"line":7,"column":0},"end":{"line":7,"column":7}}},"s":{"0":1,"1":1,"2":1,"3":1,"4":1,"5":1,"6":1},"branchMap":{},"b":{},"fnMap":{},"f":{}}
,"/Users/bryan/Projects/web/npm/svelte-render/src/tests/rocket.svelte": {"path":"/Users/bryan/Projects/web/npm/svelte-render/src/tests/rocket.svelte","all":false,"statementMap":{"0":{"start":{"line":1,"column":0},"end":{"line":1,"column":2}}},"s":{"0":1},"branchMap":{},"b":{},"fnMap":{},"f":{}}
,"/Users/bryan/Projects/web/npm/svelte-render/src/tests/template.svelte": {"path":"/Users/bryan/Projects/web/npm/svelte-render/src/tests/template.svelte","all":false,"statementMap":{"0":{"start":{"line":1,"column":0},"end":{"line":1,"column":18}},"1":{"start":{"line":2,"column":0},"end":{"line":2,"column":48}},"2":{"start":{"line":3,"column":0},"end":{"line":3,"column":0}},"3":{"start":{"line":4,"column":0},"end":{"line":4,"column":43}},"4":{"start":{"line":5,"column":0},"end":{"line":5,"column":9}},"5":{"start":{"line":6,"column":0},"end":{"line":6,"column":0}},"6":{"start":{"line":7,"column":0},"end":{"line":7,"column":28}},"7":{"start":{"line":8,"column":0},"end":{"line":8,"column":23}},"8":{"start":{"line":9,"column":0},"end":{"line":9,"column":6}}},"s":{"0":1,"1":1,"2":1,"3":1,"4":1,"5":1,"6":1,"7":1,"8":1},"branchMap":{},"b":{},"fnMap":{},"f":{}}
}
